[2025-07-11T02:24:13.006Z] ::ffff:192.168.1.7,Windows NT 10.0,33,nuevo@gmail.com,843416,America/Santiago | Análisis: Después de analizar las entradas del historial del usuario y la nueva entrada, detecto una anomalía.

**Reporte de Riesgo:**

La nueva entrada falta el campo "timestamp" (fecha y hora) que se encuentra en ambos registros anteriores. Este campo es importante para la auditoría y seguimiento de actividades en un sistema, ya que permite determinar el orden cronológico de los eventos y realizar análisis de tendencias.

Sin el timestamp, es difícil establecer una secuencia lógica de eventos y determinar si la actividad reciente es parte de un patrón conocido o no. Esto puede indicar que algo está fuera de lo común y merece ser investigado más a fondo.

**Recomendación:**

Es necesario verificar la integridad del sistema y asegurarse de que se esté registrando el timestamp en todas las actividades del usuario. Si esto es así, entonces puede deberse a un error o una configuración específica. Sin embargo, si no se está capturando el timestamp, podría ser indicio de un problema más grave.

**Categoría de Riesgo:** Alto

**Sugerencia:**

Verificar la configuración del sistema para asegurarse de que se esté registrando el timestamp en todas las actividades. Si esto es así, entonces puede deberse a un error o una configuración específica. En caso contrario, investigar más a fondo el posible problema.
[2025-07-11T02:24:18.749Z] ::ffff:192.168.1.7,Windows NT 10.0,33,nuevo@gmail.com,843416,America/Santiago | Análisis: Reporte de riesgo:

**Anomalía detectada:** Falta de información en la nueva entrada.

**Comparación con el historial:**

* En las tres entradas anteriores, se registraron los siguientes datos adicionales:
	+ Fecha y hora (T02:24:13.006Z, T02:23:13.965Z y T02:23:12.972Z)
	+ Tipo de sistema operativo (Windows NT 10.0)
* Sin embargo, en la nueva entrada se omitieron los siguientes datos:
	+ Fecha y hora
	+ Tipo de sistema operativo

**Posibles motivos:** Es posible que el usuario haya actualizado su sistema operativo o haya cambiado su configuración para ocultar esta información.

**Recomendación:** Se debe investigar la causa subyacente de la omisión de esta información y determinar si es una acción intencionada o un error. Si se confirma que es una acción intencionada, se deben implementar medidas para prevenir futuras anomalías.

**Impacto:** Este incidente puede ser indicativo de una posible actividad sospechosa o una falta de integridad en el sistema. Es importante investigar y tomar medidas para mitigar cualquier riesgo potencial.
[2025-07-11T02:53:44.369Z] ::ffff:192.168.1.7,Windows NT 10.0,33,nuevo@gmail.com,843416,America/Santiago | Análisis: Después de analizar el historial del usuario y la nueva entrada, puedo observar que hay una anomalía.

**Informe de riesgo:**

* **Cambio en la información de hora**: La última entrada en el historial tiene una fecha de 2025-07-11T02:24:18.749Z, mientras que la nueva entrada no contiene ninguna fecha o hora. Esto sugiere que puede haber habido un intento de ocultar la fecha y hora real de la conexión.
* **Falta de información**: La nueva entrada omite la información de hora y la duración de la sesión (que en el historial era de 1-3 segundos), lo cual es inusual.

**Recomendaciones:**

* Verificar la integridad del sistema y asegurarse de que no haya sido comprometido.
* Revisar las configuraciones de seguridad para garantizar que todas las sesiones sean registradas con fecha y hora.
* Considerar implementar un sistema de detección de intrusos (IDS) para monitorear y alertar sobre actividades sospechosas.

**Conclusiones:**

La nueva entrada muestra una anomalía en comparación con el historial del usuario, lo que sugiere la posibilidad de una actividad maliciosa. Es importante investigar más a fondo y tomar medidas para proteger al sistema contra posibles ataques.
[2025-07-11T02:53:51.704Z] ::ffff:192.168.1.7,Windows NT 10.0,33,nuevo@gmail.com,843416,America/Santiago | Análisis: **Reporte de riesgo**

He detectado una anomalía en la nueva entrada del usuario.

La diferencia significativa entre la nueva entrada y el historial es que faltan los campos "time" (timestamp) en la última línea. En el historial, cada línea tiene un timestamp preciso (en formato de fecha y hora), mientras que en la nueva entrada solo se proporciona la información de país ("America/Santiago").

Este cambio puede indicar una posible manipulación o supresión de información, lo que podría ser señal de actividad sospechosa.

**Recomendación**

Es recomendable investigar más a fondo esta anomalía y verificar si hay alguna otra actividad inusual en el sistema. Es importante también revisar las configuraciones del sistema para asegurarse de que no haya sido modificado o comprometido.
